Using pre-set license
Built from '2020.3/staging' branch; Version is '2020.3.19f1 (68f137dc9bbe) revision 6877495'; Using compiler version '192528614'; Build Type 'Release'
OS: 'Windows 10 Pro; OS build 19043.1237; Version 2009; 64bit' Language: 'en' Physical Memory: 32676 MB
BatchMode: 1, IsHumanControllingUs: 0, StartBugReporterOnCrash: 0, Is64bit: 1, IsPro: 0

COMMAND LINE ARGUMENTS:
C:\Program Files\Unity\Hub\Editor\2020.3.19f1\Editor\Unity.exe
-adb2
-batchMode
-noUpm
-name
AssetImportWorker0
-projectPath
C:/Users/Jared.Smith/source/repos/SpaceFighter
-logFile
Logs/AssetImportWorker0.log
-srvPort
53693
Successfully changed project path to: C:/Users/Jared.Smith/source/repos/SpaceFighter
C:/Users/Jared.Smith/source/repos/SpaceFighter
Using Asset Import Pipeline V2.
Refreshing native plugins compatible for Editor in 39.38 ms, found 2 plugins.
Preloading 0 native plugins for Editor in 0.00 ms.
Initialize engine version: 2020.3.19f1 (68f137dc9bbe)
[Subsystems] Discovering subsystems at path C:/Program Files/Unity/Hub/Editor/2020.3.19f1/Editor/Data/Resources/UnitySubsystems
[Subsystems] Discovering subsystems at path C:/Users/Jared.Smith/source/repos/SpaceFighter/Assets
GfxDevice: creating device client; threaded=0
Direct3D:
    Version:  Direct3D 11.0 [level 11.1]
    Renderer: Intel(R) HD Graphics 4600 (ID=0x412)
    Vendor:   
    VRAM:     2048 MB
    Driver:   20.19.15.5144
Initialize mono
Mono path[0] = 'C:/Program Files/Unity/Hub/Editor/2020.3.19f1/Editor/Data/Managed'
Mono path[1] = 'C:/Program Files/Unity/Hub/Editor/2020.3.19f1/Editor/Data/MonoBleedingEdge/lib/mono/unityjit'
Mono config path = 'C:/Program Files/Unity/Hub/Editor/2020.3.19f1/Editor/Data/MonoBleedingEdge/etc'
Using monoOptions --debugger-agent=transport=dt_socket,embedding=1,server=y,suspend=n,address=127.0.0.1:56756
Begin MonoManager ReloadAssembly
Registering precompiled unity dll's ...
Register platform support module: C:/Program Files/Unity/Hub/Editor/2020.3.19f1/Editor/Data/PlaybackEngines/WebGLSupport/UnityEditor.WebGL.Extensions.dll
Register platform support module: C:/Program Files/Unity/Hub/Editor/2020.3.19f1/Editor/Data/PlaybackEngines/WindowsStandaloneSupport/UnityEditor.WindowsStandalone.Extensions.dll
Registered in 0.002399 seconds.
Native extension for WindowsStandalone target not found
Native extension for WebGL target not found
Refreshing native plugins compatible for Editor in 38.85 ms, found 2 plugins.
Preloading 0 native plugins for Editor in 0.00 ms.
Mono: successfully reloaded assembly
- Completed reload, in  1.184 seconds
Domain Reload Profiling:
	ReloadAssembly (1185ms)
		BeginReloadAssembly (54ms)
			ExecutionOrderSort (0ms)
			DisableScriptedObjects (0ms)
			BackupInstance (0ms)
			ReleaseScriptingObjects (0ms)
			CreateAndSetChildDomain (1ms)
		EndReloadAssembly (444ms)
			LoadAssemblies (52ms)
			RebuildTransferFunctionScriptingTraits (0ms)
			SetupTypeCache (165ms)
			ReleaseScriptCaches (0ms)
			RebuildScriptCaches (30ms)
			SetupLoadedEditorAssemblies (179ms)
				LogAssemblyErrors (0ms)
				InitializePlatformSupportModulesInManaged (5ms)
				SetLoadedEditorAssemblies (0ms)
				RefreshPlugins (39ms)
				BeforeProcessingInitializeOnLoad (21ms)
				ProcessInitializeOnLoadAttributes (87ms)
				ProcessInitializeOnLoadMethodAttributes (27ms)
				AfterProcessingInitializeOnLoad (0ms)
				EditorAssembliesLoaded (0ms)
			ExecutionOrderSort2 (0ms)
			AwakeInstancesAfterBackupRestoration (0ms)
Platform modules already initialized, skipping
Registering precompiled user dll's ...
Registered in 0.003400 seconds.
Begin MonoManager ReloadAssembly
Native extension for WindowsStandalone target not found
Native extension for WebGL target not found
Refreshing native plugins compatible for Editor in 0.48 ms, found 2 plugins.
Preloading 0 native plugins for Editor in 0.00 ms.
Mono: successfully reloaded assembly
- Completed reload, in  1.081 seconds
Domain Reload Profiling:
	ReloadAssembly (1082ms)
		BeginReloadAssembly (175ms)
			ExecutionOrderSort (0ms)
			DisableScriptedObjects (5ms)
			BackupInstance (0ms)
			ReleaseScriptingObjects (0ms)
			CreateAndSetChildDomain (22ms)
		EndReloadAssembly (836ms)
			LoadAssemblies (105ms)
			RebuildTransferFunctionScriptingTraits (0ms)
			SetupTypeCache (309ms)
			ReleaseScriptCaches (0ms)
			RebuildScriptCaches (44ms)
			SetupLoadedEditorAssemblies (301ms)
				LogAssemblyErrors (0ms)
				InitializePlatformSupportModulesInManaged (6ms)
				SetLoadedEditorAssemblies (0ms)
				RefreshPlugins (1ms)
				BeforeProcessingInitializeOnLoad (79ms)
				ProcessInitializeOnLoadAttributes (205ms)
				ProcessInitializeOnLoadMethodAttributes (4ms)
				AfterProcessingInitializeOnLoad (6ms)
				EditorAssembliesLoaded (0ms)
			ExecutionOrderSort2 (0ms)
			AwakeInstancesAfterBackupRestoration (6ms)
Platform modules already initialized, skipping
========================================================================
Worker process is ready to serve import requests
Launched and connected shader compiler UnityShaderCompiler.exe after 0.06 seconds
Refreshing native plugins compatible for Editor in 0.49 ms, found 2 plugins.
Preloading 0 native plugins for Editor in 0.00 ms.
Unloading 1811 Unused Serialized files (Serialized files now loaded: 0)
System memory in use before: 85.1 MB.
System memory in use after: 85.1 MB.

Unloading 18 unused Assets to reduce memory usage. Loaded Objects now: 2248.
Total: 2.904700 ms (FindLiveObjects: 0.175700 ms CreateObjectMapping: 0.066800 ms MarkObjects: 2.550100 ms  DeleteObjects: 0.110900 ms)

AssetImportParameters requested are different than current active one (requested -> active):
  custom:framework-win-MediaFoundation: 216162199b28c13a410421893ffa2e32 -> 
  custom:video-decoder-ogg-theora: a1e56fd34408186e4bbccfd4996cb3dc -> 
  custom:container-muxer-webm: aa71ff27fc2769a1b78a27578f13a17b -> 
  custom:container-demuxer-webm: 4f35f7cbe854078d1ac9338744f61a02 -> 
  custom:container-demuxer-ogg: 62fdf1f143b41e24485cea50d1cbac27 -> 
  custom:video-encoder-webm-vp8: eb34c28f22e8b96e1ab97ce403110664 -> 
  custom:video-decoder-webm-vp8: 9c59270c3fd7afecdb556c50c9e8de78 -> 
  custom:audio-decoder-ogg-vorbis: bf7c407c2cedff20999df2af8eb42d56 -> 
  custom:audio-encoder-webm-vorbis: bf7c407c2cedff20999df2af8eb42d56 -> 
========================================================================
Received Import Request.
  path: Assets/Content/Scripts/UI/TumNail.cs
  artifactKey: Guid(eea1baddcde86db4eac7e54773a62062) Importer(815301076,1909f56bfc062723c751e8b465ee728b)
Start importing Assets/Content/Scripts/UI/TumNail.cs using Guid(eea1baddcde86db4eac7e54773a62062) Importer(815301076,1909f56bfc062723c751e8b465ee728b)  -> (artifact id: '669fd9ac5bff3f43516d7f4f748cf9b6') in 0.029554 seconds 
  Import took 0.032428 seconds .

========================================================================
Received Import Request.
  Time since last request: 92.217516 seconds.
  path: Assets/Content/Scripts/Guns/Gun.cs
  artifactKey: Guid(f8ef449eccc3a9e408bd469e3c2dcbfc) Importer(815301076,1909f56bfc062723c751e8b465ee728b)
Start importing Assets/Content/Scripts/Guns/Gun.cs using Guid(f8ef449eccc3a9e408bd469e3c2dcbfc) Importer(815301076,1909f56bfc062723c751e8b465ee728b)  -> (artifact id: 'ccd6809ec2ff17fadf25eb24414338cf') in 0.008916 seconds 
  Import took 0.012422 seconds .

========================================================================
Received Prepare
Registering precompiled user dll's ...
Registered in 0.003285 seconds.
Begin MonoManager ReloadAssembly
Native extension for WindowsStandalone target not found
Native extension for WebGL target not found
Refreshing native plugins compatible for Editor in 0.48 ms, found 2 plugins.
Preloading 0 native plugins for Editor in 0.00 ms.
Mono: successfully reloaded assembly
- Completed reload, in  1.011 seconds
Domain Reload Profiling:
	ReloadAssembly (1011ms)
		BeginReloadAssembly (132ms)
			ExecutionOrderSort (0ms)
			DisableScriptedObjects (4ms)
			BackupInstance (0ms)
			ReleaseScriptingObjects (0ms)
			CreateAndSetChildDomain (37ms)
		EndReloadAssembly (800ms)
			LoadAssemblies (94ms)
			RebuildTransferFunctionScriptingTraits (0ms)
			SetupTypeCache (286ms)
			ReleaseScriptCaches (1ms)
			RebuildScriptCaches (37ms)
			SetupLoadedEditorAssemblies (288ms)
				LogAssemblyErrors (0ms)
				InitializePlatformSupportModulesInManaged (6ms)
				SetLoadedEditorAssemblies (1ms)
				RefreshPlugins (1ms)
				BeforeProcessingInitializeOnLoad (74ms)
				ProcessInitializeOnLoadAttributes (197ms)
				ProcessInitializeOnLoadMethodAttributes (4ms)
				AfterProcessingInitializeOnLoad (6ms)
				EditorAssembliesLoaded (0ms)
			ExecutionOrderSort2 (0ms)
			AwakeInstancesAfterBackupRestoration (6ms)
Platform modules already initialized, skipping
Refreshing native plugins compatible for Editor in 0.49 ms, found 2 plugins.
Preloading 0 native plugins for Editor in 0.00 ms.
Unloading 1770 Unused Serialized files (Serialized files now loaded: 0)
System memory in use before: 81.4 MB.
System memory in use after: 81.5 MB.

Unloading 13 unused Assets to reduce memory usage. Loaded Objects now: 2250.
Total: 3.019500 ms (FindLiveObjects: 0.178200 ms CreateObjectMapping: 0.065700 ms MarkObjects: 2.695700 ms  DeleteObjects: 0.078800 ms)

AssetImportParameters requested are different than current active one (requested -> active):
  custom:framework-win-MediaFoundation: 216162199b28c13a410421893ffa2e32 -> 
  custom:video-decoder-ogg-theora: a1e56fd34408186e4bbccfd4996cb3dc -> 
  custom:container-muxer-webm: aa71ff27fc2769a1b78a27578f13a17b -> 
  custom:container-demuxer-webm: 4f35f7cbe854078d1ac9338744f61a02 -> 
  custom:container-demuxer-ogg: 62fdf1f143b41e24485cea50d1cbac27 -> 
  custom:video-encoder-webm-vp8: eb34c28f22e8b96e1ab97ce403110664 -> 
  custom:video-decoder-webm-vp8: 9c59270c3fd7afecdb556c50c9e8de78 -> 
  custom:audio-decoder-ogg-vorbis: bf7c407c2cedff20999df2af8eb42d56 -> 
  custom:audio-encoder-webm-vorbis: bf7c407c2cedff20999df2af8eb42d56 -> 
========================================================================
Received Import Request.
  Time since last request: 256.387846 seconds.
  path: Assets/Content/Scripts/UI/TumNail.cs
  artifactKey: Guid(eea1baddcde86db4eac7e54773a62062) Importer(815301076,1909f56bfc062723c751e8b465ee728b)
Start importing Assets/Content/Scripts/UI/TumNail.cs using Guid(eea1baddcde86db4eac7e54773a62062) Importer(815301076,1909f56bfc062723c751e8b465ee728b)  -> (artifact id: '4d3cd89f19f73fe90c6746df32c8863d') in 0.005558 seconds 
  Import took 0.008866 seconds .

========================================================================
Received Prepare
Registering precompiled user dll's ...
Registered in 0.004135 seconds.
Begin MonoManager ReloadAssembly
Native extension for WindowsStandalone target not found
Native extension for WebGL target not found
Refreshing native plugins compatible for Editor in 0.48 ms, found 2 plugins.
Preloading 0 native plugins for Editor in 0.00 ms.
Mono: successfully reloaded assembly
- Completed reload, in  0.993 seconds
Domain Reload Profiling:
	ReloadAssembly (993ms)
		BeginReloadAssembly (126ms)
			ExecutionOrderSort (0ms)
			DisableScriptedObjects (5ms)
			BackupInstance (0ms)
			ReleaseScriptingObjects (0ms)
			CreateAndSetChildDomain (39ms)
		EndReloadAssembly (795ms)
			LoadAssemblies (92ms)
			RebuildTransferFunctionScriptingTraits (0ms)
			SetupTypeCache (291ms)
			ReleaseScriptCaches (1ms)
			RebuildScriptCaches (38ms)
			SetupLoadedEditorAssemblies (286ms)
				LogAssemblyErrors (0ms)
				InitializePlatformSupportModulesInManaged (6ms)
				SetLoadedEditorAssemblies (0ms)
				RefreshPlugins (1ms)
				BeforeProcessingInitializeOnLoad (74ms)
				ProcessInitializeOnLoadAttributes (194ms)
				ProcessInitializeOnLoadMethodAttributes (5ms)
				AfterProcessingInitializeOnLoad (6ms)
				EditorAssembliesLoaded (0ms)
			ExecutionOrderSort2 (0ms)
			AwakeInstancesAfterBackupRestoration (7ms)
Platform modules already initialized, skipping
Refreshing native plugins compatible for Editor in 0.69 ms, found 2 plugins.
Preloading 0 native plugins for Editor in 0.00 ms.
Unloading 1770 Unused Serialized files (Serialized files now loaded: 0)
System memory in use before: 81.5 MB.
System memory in use after: 81.5 MB.

Unloading 13 unused Assets to reduce memory usage. Loaded Objects now: 2252.
Total: 3.060900 ms (FindLiveObjects: 0.160300 ms CreateObjectMapping: 0.064700 ms MarkObjects: 2.747700 ms  DeleteObjects: 0.087000 ms)

AssetImportParameters requested are different than current active one (requested -> active):
  custom:framework-win-MediaFoundation: 216162199b28c13a410421893ffa2e32 -> 
  custom:video-decoder-ogg-theora: a1e56fd34408186e4bbccfd4996cb3dc -> 
  custom:container-muxer-webm: aa71ff27fc2769a1b78a27578f13a17b -> 
  custom:container-demuxer-webm: 4f35f7cbe854078d1ac9338744f61a02 -> 
  custom:container-demuxer-ogg: 62fdf1f143b41e24485cea50d1cbac27 -> 
  custom:video-encoder-webm-vp8: eb34c28f22e8b96e1ab97ce403110664 -> 
  custom:video-decoder-webm-vp8: 9c59270c3fd7afecdb556c50c9e8de78 -> 
  custom:audio-decoder-ogg-vorbis: bf7c407c2cedff20999df2af8eb42d56 -> 
  custom:audio-encoder-webm-vorbis: bf7c407c2cedff20999df2af8eb42d56 -> 
========================================================================
Received Import Request.
  Time since last request: 70.506999 seconds.
  path: Assets/Content/Scripts/UI/TumNail.cs
  artifactKey: Guid(eea1baddcde86db4eac7e54773a62062) Importer(815301076,1909f56bfc062723c751e8b465ee728b)
Start importing Assets/Content/Scripts/UI/TumNail.cs using Guid(eea1baddcde86db4eac7e54773a62062) Importer(815301076,1909f56bfc062723c751e8b465ee728b)  -> (artifact id: '28fbdaaf9ae723f78c0dbd104c0ee6ac') in 0.006201 seconds 
  Import took 0.009681 seconds .

========================================================================
Received Prepare
Registering precompiled user dll's ...
Registered in 0.003855 seconds.
Begin MonoManager ReloadAssembly
Native extension for WindowsStandalone target not found
Native extension for WebGL target not found
Refreshing native plugins compatible for Editor in 0.52 ms, found 2 plugins.
Preloading 0 native plugins for Editor in 0.00 ms.
Mono: successfully reloaded assembly
- Completed reload, in  1.494 seconds
Domain Reload Profiling:
	ReloadAssembly (1494ms)
		BeginReloadAssembly (131ms)
			ExecutionOrderSort (0ms)
			DisableScriptedObjects (5ms)
			BackupInstance (0ms)
			ReleaseScriptingObjects (0ms)
			CreateAndSetChildDomain (45ms)
		EndReloadAssembly (1288ms)
			LoadAssemblies (96ms)
			RebuildTransferFunctionScriptingTraits (0ms)
			SetupTypeCache (446ms)
			ReleaseScriptCaches (1ms)
			RebuildScriptCaches (79ms)
			SetupLoadedEditorAssemblies (440ms)
				LogAssemblyErrors (0ms)
				InitializePlatformSupportModulesInManaged (7ms)
				SetLoadedEditorAssemblies (0ms)
				RefreshPlugins (1ms)
				BeforeProcessingInitializeOnLoad (96ms)
				ProcessInitializeOnLoadAttributes (321ms)
				ProcessInitializeOnLoadMethodAttributes (4ms)
				AfterProcessingInitializeOnLoad (11ms)
				EditorAssembliesLoaded (0ms)
			ExecutionOrderSort2 (0ms)
			AwakeInstancesAfterBackupRestoration (8ms)
Platform modules already initialized, skipping
Refreshing native plugins compatible for Editor in 1.29 ms, found 2 plugins.
Preloading 0 native plugins for Editor in 0.00 ms.
Unloading 1769 Unused Serialized files (Serialized files now loaded: 0)
System memory in use before: 81.5 MB.
System memory in use after: 81.5 MB.

Unloading 14 unused Assets to reduce memory usage. Loaded Objects now: 2253.
Total: 4.888400 ms (FindLiveObjects: 0.640300 ms CreateObjectMapping: 0.255500 ms MarkObjects: 3.882600 ms  DeleteObjects: 0.103700 ms)

AssetImportParameters requested are different than current active one (requested -> active):
  custom:framework-win-MediaFoundation: 216162199b28c13a410421893ffa2e32 -> 
  custom:video-decoder-ogg-theora: a1e56fd34408186e4bbccfd4996cb3dc -> 
  custom:container-muxer-webm: aa71ff27fc2769a1b78a27578f13a17b -> 
  custom:container-demuxer-webm: 4f35f7cbe854078d1ac9338744f61a02 -> 
  custom:container-demuxer-ogg: 62fdf1f143b41e24485cea50d1cbac27 -> 
  custom:video-encoder-webm-vp8: eb34c28f22e8b96e1ab97ce403110664 -> 
  custom:video-decoder-webm-vp8: 9c59270c3fd7afecdb556c50c9e8de78 -> 
  custom:audio-decoder-ogg-vorbis: bf7c407c2cedff20999df2af8eb42d56 -> 
  custom:audio-encoder-webm-vorbis: bf7c407c2cedff20999df2af8eb42d56 -> 
========================================================================
Received Prepare
Registering precompiled user dll's ...
Registered in 0.003919 seconds.
Begin MonoManager ReloadAssembly
Native extension for WindowsStandalone target not found
Native extension for WebGL target not found
Refreshing native plugins compatible for Editor in 0.49 ms, found 2 plugins.
Preloading 0 native plugins for Editor in 0.00 ms.
Mono: successfully reloaded assembly
- Completed reload, in  1.015 seconds
Domain Reload Profiling:
	ReloadAssembly (1015ms)
		BeginReloadAssembly (125ms)
			ExecutionOrderSort (0ms)
			DisableScriptedObjects (5ms)
			BackupInstance (0ms)
			ReleaseScriptingObjects (0ms)
			CreateAndSetChildDomain (41ms)
		EndReloadAssembly (816ms)
			LoadAssemblies (94ms)
			RebuildTransferFunctionScriptingTraits (0ms)
			SetupTypeCache (291ms)
			ReleaseScriptCaches (1ms)
			RebuildScriptCaches (40ms)
			SetupLoadedEditorAssemblies (292ms)
				LogAssemblyErrors (0ms)
				InitializePlatformSupportModulesInManaged (6ms)
				SetLoadedEditorAssemblies (0ms)
				RefreshPlugins (1ms)
				BeforeProcessingInitializeOnLoad (75ms)
				ProcessInitializeOnLoadAttributes (200ms)
				ProcessInitializeOnLoadMethodAttributes (4ms)
				AfterProcessingInitializeOnLoad (6ms)
				EditorAssembliesLoaded (0ms)
			ExecutionOrderSort2 (0ms)
			AwakeInstancesAfterBackupRestoration (7ms)
Platform modules already initialized, skipping
Refreshing native plugins compatible for Editor in 0.54 ms, found 2 plugins.
Preloading 0 native plugins for Editor in 0.00 ms.
Unloading 1769 Unused Serialized files (Serialized files now loaded: 0)
System memory in use before: 81.5 MB.
System memory in use after: 81.5 MB.

Unloading 13 unused Assets to reduce memory usage. Loaded Objects now: 2255.
Total: 3.473100 ms (FindLiveObjects: 0.243100 ms CreateObjectMapping: 0.154700 ms MarkObjects: 2.983100 ms  DeleteObjects: 0.091000 ms)

AssetImportParameters requested are different than current active one (requested -> active):
  custom:framework-win-MediaFoundation: 216162199b28c13a410421893ffa2e32 -> 
  custom:video-decoder-ogg-theora: a1e56fd34408186e4bbccfd4996cb3dc -> 
  custom:container-muxer-webm: aa71ff27fc2769a1b78a27578f13a17b -> 
  custom:container-demuxer-webm: 4f35f7cbe854078d1ac9338744f61a02 -> 
  custom:container-demuxer-ogg: 62fdf1f143b41e24485cea50d1cbac27 -> 
  custom:video-encoder-webm-vp8: eb34c28f22e8b96e1ab97ce403110664 -> 
  custom:video-decoder-webm-vp8: 9c59270c3fd7afecdb556c50c9e8de78 -> 
  custom:audio-decoder-ogg-vorbis: bf7c407c2cedff20999df2af8eb42d56 -> 
  custom:audio-encoder-webm-vorbis: bf7c407c2cedff20999df2af8eb42d56 -> 
========================================================================
Received Import Request.
  Time since last request: 325.051759 seconds.
  path: Assets/Vast Outer Space/Materials/Asteroid_E.mat
  artifactKey: Guid(faf502faf7e5c414d89caa4b6b589720) Importer(815301076,1909f56bfc062723c751e8b465ee728b)
Start importing Assets/Vast Outer Space/Materials/Asteroid_E.mat using Guid(faf502faf7e5c414d89caa4b6b589720) Importer(815301076,1909f56bfc062723c751e8b465ee728b)  -> (artifact id: '8b7a695ad2404264a12e7186016f83f2') in 0.114191 seconds 
  Import took 0.118232 seconds .

========================================================================
Received Import Request.
  Time since last request: 0.000234 seconds.
  path: Assets/Vast Outer Space/Materials/Galaxy_C.mat
  artifactKey: Guid(d183597259be88c40831b9caa4fc2f5b) Importer(815301076,1909f56bfc062723c751e8b465ee728b)
Start importing Assets/Vast Outer Space/Materials/Galaxy_C.mat using Guid(d183597259be88c40831b9caa4fc2f5b) Importer(815301076,1909f56bfc062723c751e8b465ee728b)  -> (artifact id: '85240c4dd6898b1706a749698aaccd3a') in 0.028013 seconds 
  Import took 0.031718 seconds .

========================================================================
Received Import Request.
  Time since last request: 0.000317 seconds.
  path: Assets/Vast Outer Space/Materials/Nebula_D.mat
  artifactKey: Guid(d3caa4e356bfbc94fbe8823e9914b1a4) Importer(815301076,1909f56bfc062723c751e8b465ee728b)
Start importing Assets/Vast Outer Space/Materials/Nebula_D.mat using Guid(d3caa4e356bfbc94fbe8823e9914b1a4) Importer(815301076,1909f56bfc062723c751e8b465ee728b)  -> (artifact id: '8df2b688abdda852aadc42c04f29539c') in 0.039363 seconds 
  Import took 0.043517 seconds .

========================================================================
Received Import Request.
  Time since last request: 0.000245 seconds.
  path: Assets/Vast Outer Space/Materials/Galaxy_A.mat
  artifactKey: Guid(019b12f362f334242b27869d2af226dc) Importer(815301076,1909f56bfc062723c751e8b465ee728b)
Start importing Assets/Vast Outer Space/Materials/Galaxy_A.mat using Guid(019b12f362f334242b27869d2af226dc) Importer(815301076,1909f56bfc062723c751e8b465ee728b)  -> (artifact id: '5c6c84efe1d235b8d20c02daf7079e1b') in 0.024442 seconds 
  Import took 0.028297 seconds .

========================================================================
Received Import Request.
  Time since last request: 0.000286 seconds.
  path: Assets/Vast Outer Space/Materials/Nebula_DEF.mat
  artifactKey: Guid(a05fe2ec4b3588047a3edcdd174a8910) Importer(815301076,1909f56bfc062723c751e8b465ee728b)
Start importing Assets/Vast Outer Space/Materials/Nebula_DEF.mat using Guid(a05fe2ec4b3588047a3edcdd174a8910) Importer(815301076,1909f56bfc062723c751e8b465ee728b)  -> (artifact id: '70dca0adc8b05e0ea1b175f44410b7ef') in 0.027563 seconds 
  Import took 0.031294 seconds .

========================================================================
Received Import Request.
  Time since last request: 0.000208 seconds.
  path: Assets/Vast Outer Space/Materials/Planet_B.mat
  artifactKey: Guid(461ac3a7f6392b945849e216b9c4d584) Importer(815301076,1909f56bfc062723c751e8b465ee728b)
Start importing Assets/Vast Outer Space/Materials/Planet_B.mat using Guid(461ac3a7f6392b945849e216b9c4d584) Importer(815301076,1909f56bfc062723c751e8b465ee728b)  -> (artifact id: '65c210d20314d6d64f3592466603c60f') in 0.042522 seconds 
  Import took 0.046238 seconds .

========================================================================
Received Import Request.
  Time since last request: 0.000214 seconds.
  path: Assets/Vast Outer Space/Materials/Gas_Planet_G.mat
  artifactKey: Guid(9ec04c19226b42a47a0e6b5211281de8) Importer(815301076,1909f56bfc062723c751e8b465ee728b)
Start importing Assets/Vast Outer Space/Materials/Gas_Planet_G.mat using Guid(9ec04c19226b42a47a0e6b5211281de8) Importer(815301076,1909f56bfc062723c751e8b465ee728b)  -> (artifact id: 'a31994dc996d2b339756306338fca11f') in 0.029597 seconds 
  Import took 0.032948 seconds .

========================================================================
Received Import Request.
  Time since last request: 0.000314 seconds.
  path: Assets/Vast Outer Space/Materials/Gas_Planet_J.mat
  artifactKey: Guid(4e1a2f8b73db48b4f81c68e23e158f37) Importer(815301076,1909f56bfc062723c751e8b465ee728b)
Start importing Assets/Vast Outer Space/Materials/Gas_Planet_J.mat using Guid(4e1a2f8b73db48b4f81c68e23e158f37) Importer(815301076,1909f56bfc062723c751e8b465ee728b)  -> (artifact id: 'd20dc9dddcefc767e62f904a546f0aee') in 0.029813 seconds 
  Import took 0.034360 seconds .

========================================================================
Received Import Request.
  Time since last request: 0.000215 seconds.
  path: Assets/Vast Outer Space/Materials/Asteroid_F.mat
  artifactKey: Guid(cd7d216b7c1e38144b2a126602471ce9) Importer(815301076,1909f56bfc062723c751e8b465ee728b)
Start importing Assets/Vast Outer Space/Materials/Asteroid_F.mat using Guid(cd7d216b7c1e38144b2a126602471ce9) Importer(815301076,1909f56bfc062723c751e8b465ee728b)  -> (artifact id: 'cca5345fc7d1181b8d15cd64fdbe385d') in 0.039779 seconds 
  Import took 0.043922 seconds .

========================================================================
Received Import Request.
  Time since last request: 0.000291 seconds.
  path: Assets/Vast Outer Space/Materials/Asteroid_G.mat
  artifactKey: Guid(6c9695e1a7b954d4fa05a844fd42cdab) Importer(815301076,1909f56bfc062723c751e8b465ee728b)
Start importing Assets/Vast Outer Space/Materials/Asteroid_G.mat using Guid(6c9695e1a7b954d4fa05a844fd42cdab) Importer(815301076,1909f56bfc062723c751e8b465ee728b)  -> (artifact id: 'e6703b069b39fef4166fa56373312d94') in 0.046798 seconds 
  Import took 0.050619 seconds .

========================================================================
Received Import Request.
  Time since last request: 0.000193 seconds.
  path: Assets/Vast Outer Space/Materials/Gas_Planet_A.mat
  artifactKey: Guid(bb757e178e37edd4abcd5b4c01109162) Importer(815301076,1909f56bfc062723c751e8b465ee728b)
Start importing Assets/Vast Outer Space/Materials/Gas_Planet_A.mat using Guid(bb757e178e37edd4abcd5b4c01109162) Importer(815301076,1909f56bfc062723c751e8b465ee728b)  -> (artifact id: '3c896ca1a5fd58fed8f0a24614ae9b92') in 0.028025 seconds 
  Import took 0.031472 seconds .

========================================================================
Received Import Request.
  Time since last request: 0.000313 seconds.
  path: Assets/Vast Outer Space/Materials/Nebula_EF.mat
  artifactKey: Guid(ddfca099ea2b4014e89d9f1a60498a8b) Importer(815301076,1909f56bfc062723c751e8b465ee728b)
Start importing Assets/Vast Outer Space/Materials/Nebula_EF.mat using Guid(ddfca099ea2b4014e89d9f1a60498a8b) Importer(815301076,1909f56bfc062723c751e8b465ee728b)  -> (artifact id: '51d6a28e9d9e1bc90f1bd9beb0ed0fc3') in 0.029336 seconds 
  Import took 0.033627 seconds .

========================================================================
Received Import Request.
  Time since last request: 0.000247 seconds.
  path: Assets/Vast Outer Space/Materials/Nebula_E.mat
  artifactKey: Guid(922a93da4b9fe0546b4da1c307cc509e) Importer(815301076,1909f56bfc062723c751e8b465ee728b)
Start importing Assets/Vast Outer Space/Materials/Nebula_E.mat using Guid(922a93da4b9fe0546b4da1c307cc509e) Importer(815301076,1909f56bfc062723c751e8b465ee728b)  -> (artifact id: '86ed1055d584068117e660ab979413db') in 0.029046 seconds 
  Import took 0.032533 seconds .

========================================================================
Received Import Request.
  Time since last request: 0.000221 seconds.
  path: Assets/Vast Outer Space/Materials/Galaxy_G.mat
  artifactKey: Guid(26be6bec8c884734ba1d14489b4d307f) Importer(815301076,1909f56bfc062723c751e8b465ee728b)
Start importing Assets/Vast Outer Space/Materials/Galaxy_G.mat using Guid(26be6bec8c884734ba1d14489b4d307f) Importer(815301076,1909f56bfc062723c751e8b465ee728b)  -> (artifact id: '06c2653d4ca2918ac2d1b55f3debe888') in 0.029151 seconds 
  Import took 0.032403 seconds .

========================================================================
Received Import Request.
  Time since last request: 0.000260 seconds.
  path: Assets/Vast Outer Space/Materials/Nebula_F.mat
  artifactKey: Guid(ef53862a251c3ad4d95b2b376608ee3f) Importer(815301076,1909f56bfc062723c751e8b465ee728b)
Start importing Assets/Vast Outer Space/Materials/Nebula_F.mat using Guid(ef53862a251c3ad4d95b2b376608ee3f) Importer(815301076,1909f56bfc062723c751e8b465ee728b)  -> (artifact id: '0040b5c96eec5e4e9bcc6ca35f237c56') in 0.025145 seconds 
  Import took 0.028910 seconds .

========================================================================
Received Import Request.
  Time since last request: 0.000239 seconds.
  path: Assets/Vast Outer Space/Materials/Galaxy_K.mat
  artifactKey: Guid(272e34df9fd985b45912c5aede7d17f9) Importer(815301076,1909f56bfc062723c751e8b465ee728b)
Start importing Assets/Vast Outer Space/Materials/Galaxy_K.mat using Guid(272e34df9fd985b45912c5aede7d17f9) Importer(815301076,1909f56bfc062723c751e8b465ee728b)  -> (artifact id: '8bbdd5c3257257f6dbc9775868a348f3') in 0.026486 seconds 
  Import took 0.030284 seconds .

========================================================================
Received Import Request.
  Time since last request: 0.000242 seconds.
  path: Assets/Vast Outer Space/Materials/Galaxy_F.mat
  artifactKey: Guid(d6938b912e9f2864fae95d7c177eac12) Importer(815301076,1909f56bfc062723c751e8b465ee728b)
Start importing Assets/Vast Outer Space/Materials/Galaxy_F.mat using Guid(d6938b912e9f2864fae95d7c177eac12) Importer(815301076,1909f56bfc062723c751e8b465ee728b)  -> (artifact id: '6d7c05ed3d874c2852b12cd21f353550') in 0.027049 seconds 
  Import took 0.031299 seconds .

========================================================================
Received Import Request.
  Time since last request: 0.000230 seconds.
  path: Assets/Vast Outer Space/Materials/Asteroid_H.mat
  artifactKey: Guid(b9494279143d56f49a5550c5eb3b0066) Importer(815301076,1909f56bfc062723c751e8b465ee728b)
Start importing Assets/Vast Outer Space/Materials/Asteroid_H.mat using Guid(b9494279143d56f49a5550c5eb3b0066) Importer(815301076,1909f56bfc062723c751e8b465ee728b)  -> (artifact id: '8cfee4f22c0fc4a24e08c77e1f3cee9a') in 0.025888 seconds 
  Import took 0.030519 seconds .

========================================================================
Received Import Request.
  Time since last request: 0.000311 seconds.
  path: Assets/Vast Outer Space/Materials/Galaxy_I.mat
  artifactKey: Guid(8e8394f7c673979468b8f97e291ca0d9) Importer(815301076,1909f56bfc062723c751e8b465ee728b)
Start importing Assets/Vast Outer Space/Materials/Galaxy_I.mat using Guid(8e8394f7c673979468b8f97e291ca0d9) Importer(815301076,1909f56bfc062723c751e8b465ee728b)  -> (artifact id: 'a0e8c3eb7132fdd44b5ec94ea8b10394') in 0.024525 seconds 
  Import took 0.029394 seconds .

========================================================================
Received Import Request.
  Time since last request: 0.000256 seconds.
  path: Assets/Vast Outer Space/Materials/Galaxy_H.mat
  artifactKey: Guid(0281bf8d7621d6c40a73e84e341e80b3) Importer(815301076,1909f56bfc062723c751e8b465ee728b)
Start importing Assets/Vast Outer Space/Materials/Galaxy_H.mat using Guid(0281bf8d7621d6c40a73e84e341e80b3) Importer(815301076,1909f56bfc062723c751e8b465ee728b)  -> (artifact id: 'b4a9bcd545472e54b2ea215eb35e43ac') in 0.023418 seconds 
  Import took 0.027362 seconds .

========================================================================
Received Import Request.
  Time since last request: 0.000228 seconds.
  path: Assets/Vast Outer Space/Materials/Nebula_BC.mat
  artifactKey: Guid(6c1279529f793dd438c096bd8a459cde) Importer(815301076,1909f56bfc062723c751e8b465ee728b)
Start importing Assets/Vast Outer Space/Materials/Nebula_BC.mat using Guid(6c1279529f793dd438c096bd8a459cde) Importer(815301076,1909f56bfc062723c751e8b465ee728b)  -> (artifact id: 'd0831af970f23918c67448068f797db9') in 0.027984 seconds 
  Import took 0.031960 seconds .

========================================================================
Received Import Request.
  Time since last request: 0.000272 seconds.
  path: Assets/Vast Outer Space/Materials/Gas_Planet_F.mat
  artifactKey: Guid(7c1060f507508d446a956d7f741d31e8) Importer(815301076,1909f56bfc062723c751e8b465ee728b)
Start importing Assets/Vast Outer Space/Materials/Gas_Planet_F.mat using Guid(7c1060f507508d446a956d7f741d31e8) Importer(815301076,1909f56bfc062723c751e8b465ee728b)  -> (artifact id: '137a0f3b636b01657518d68458ba1393') in 0.030833 seconds 
  Import took 0.034668 seconds .

========================================================================
Received Import Request.
  Time since last request: 0.000301 seconds.
  path: Assets/Vast Outer Space/Materials/Nebula_CDE.mat
  artifactKey: Guid(bd0a4a87cb2d2f344a4d15b58eb14a1e) Importer(815301076,1909f56bfc062723c751e8b465ee728b)
Start importing Assets/Vast Outer Space/Materials/Nebula_CDE.mat using Guid(bd0a4a87cb2d2f344a4d15b58eb14a1e) Importer(815301076,1909f56bfc062723c751e8b465ee728b)  -> (artifact id: 'a95287d363242afeb3f012bd561ec6b5') in 0.028793 seconds 
  Import took 0.032610 seconds .

========================================================================
Received Import Request.
  Time since last request: 0.000226 seconds.
  path: Assets/Vast Outer Space/Materials/Gas_Planet_L.mat
  artifactKey: Guid(db7f9a3a38264f94d9e18f00b7e379ac) Importer(815301076,1909f56bfc062723c751e8b465ee728b)
Start importing Assets/Vast Outer Space/Materials/Gas_Planet_L.mat using Guid(db7f9a3a38264f94d9e18f00b7e379ac) Importer(815301076,1909f56bfc062723c751e8b465ee728b)  -> (artifact id: '7875c221f35b471f3e97847f40bf8040') in 0.025628 seconds 
  Import took 0.029306 seconds .

========================================================================
Received Import Request.
  Time since last request: 0.000317 seconds.
  path: Assets/Vast Outer Space/Materials/Nebula_C.mat
  artifactKey: Guid(37a0a7a86d41b3e43b7a4fdb260ab66b) Importer(815301076,1909f56bfc062723c751e8b465ee728b)
Start importing Assets/Vast Outer Space/Materials/Nebula_C.mat using Guid(37a0a7a86d41b3e43b7a4fdb260ab66b) Importer(815301076,1909f56bfc062723c751e8b465ee728b)  -> (artifact id: 'b36a00d9937d0807ded7c945c623f25b') in 0.026422 seconds 
  Import took 0.030519 seconds .

========================================================================
Received Import Request.
  Time since last request: 0.000303 seconds.
  path: Assets/Vast Outer Space/Materials/Nebula_DE.mat
  artifactKey: Guid(02695f652946c7e47894bac87ea63a18) Importer(815301076,1909f56bfc062723c751e8b465ee728b)
Start importing Assets/Vast Outer Space/Materials/Nebula_DE.mat using Guid(02695f652946c7e47894bac87ea63a18) Importer(815301076,1909f56bfc062723c751e8b465ee728b)  -> (artifact id: 'd03f7bdf137d5e7fe5b0ff51fe5fd1e3') in 0.024714 seconds 
  Import took 0.029413 seconds .

========================================================================
Received Import Request.
  Time since last request: 0.000300 seconds.
  path: Assets/Vast Outer Space/Materials/Planet_E.mat
  artifactKey: Guid(979c24c8411d50249895c216227fe20e) Importer(815301076,1909f56bfc062723c751e8b465ee728b)
Start importing Assets/Vast Outer Space/Materials/Planet_E.mat using Guid(979c24c8411d50249895c216227fe20e) Importer(815301076,1909f56bfc062723c751e8b465ee728b)  -> (artifact id: '1efc46feeba1d042f48e1c461c060b34') in 0.031040 seconds 
  Import took 0.035504 seconds .

========================================================================
Received Import Request.
  Time since last request: 0.000254 seconds.
  path: Assets/Vast Outer Space/Materials/Nebula_B.mat
  artifactKey: Guid(8372ab378bad2034ea1592f49445109f) Importer(815301076,1909f56bfc062723c751e8b465ee728b)
Start importing Assets/Vast Outer Space/Materials/Nebula_B.mat using Guid(8372ab378bad2034ea1592f49445109f) Importer(815301076,1909f56bfc062723c751e8b465ee728b)  -> (artifact id: 'cceb435b11c82dddce6f9522c00da7c7') in 0.024962 seconds 
  Import took 0.028595 seconds .

========================================================================
Received Import Request.
  Time since last request: 0.000201 seconds.
  path: Assets/Vast Outer Space/Materials/Gas_Planet_H.mat
  artifactKey: Guid(17e13f2d3211b2547912a2e028bbda56) Importer(815301076,1909f56bfc062723c751e8b465ee728b)
Start importing Assets/Vast Outer Space/Materials/Gas_Planet_H.mat using Guid(17e13f2d3211b2547912a2e028bbda56) Importer(815301076,1909f56bfc062723c751e8b465ee728b)  -> (artifact id: '8cb0339d595614c3b6928ebbd86200b3') in 0.026782 seconds 
  Import took 0.030718 seconds .

========================================================================
Received Import Request.
  Time since last request: 0.000180 seconds.
  path: Assets/Vast Outer Space/Materials/Nebula_A.mat
  artifactKey: Guid(b2363ca872fe93d4fb368bd198a51b15) Importer(815301076,1909f56bfc062723c751e8b465ee728b)
Start importing Assets/Vast Outer Space/Materials/Nebula_A.mat using Guid(b2363ca872fe93d4fb368bd198a51b15) Importer(815301076,1909f56bfc062723c751e8b465ee728b)  -> (artifact id: '5d3830df805036a1af1356b5d0bd4084') in 0.033946 seconds 
  Import took 0.037342 seconds .

========================================================================
Received Import Request.
  Time since last request: 0.000310 seconds.
  path: Assets/Vast Outer Space/Materials/Black.mat
  artifactKey: Guid(227af8007854ca246a48c2f3edf86a4d) Importer(815301076,1909f56bfc062723c751e8b465ee728b)
Start importing Assets/Vast Outer Space/Materials/Black.mat using Guid(227af8007854ca246a48c2f3edf86a4d) Importer(815301076,1909f56bfc062723c751e8b465ee728b)  -> (artifact id: '3a940b6e14064aee9bf8be2668858ec7') in 0.021229 seconds 
  Import took 0.025223 seconds .

========================================================================
Received Import Request.
  Time since last request: 0.000265 seconds.
  path: Assets/Vast Outer Space/Materials/Nebula_BCD.mat
  artifactKey: Guid(336ee98b1a637f148a8868aa347b1910) Importer(815301076,1909f56bfc062723c751e8b465ee728b)
Start importing Assets/Vast Outer Space/Materials/Nebula_BCD.mat using Guid(336ee98b1a637f148a8868aa347b1910) Importer(815301076,1909f56bfc062723c751e8b465ee728b)  -> (artifact id: '27f3bfc394284022e7f5cea08a3e0d2e') in 0.026406 seconds 
  Import took 0.030732 seconds .

========================================================================
Received Import Request.
  Time since last request: 0.000254 seconds.
  path: Assets/Vast Outer Space/Materials/Galaxy_D.mat
  artifactKey: Guid(9965b5208adcbbb419c29592a7f6ce6c) Importer(815301076,1909f56bfc062723c751e8b465ee728b)
Start importing Assets/Vast Outer Space/Materials/Galaxy_D.mat using Guid(9965b5208adcbbb419c29592a7f6ce6c) Importer(815301076,1909f56bfc062723c751e8b465ee728b)  -> (artifact id: 'bff0f21c05363951eae3814de9ac292f') in 0.026523 seconds 
  Import took 0.030766 seconds .

========================================================================
Received Import Request.
  Time since last request: 0.000257 seconds.
  path: Assets/Vast Outer Space/Materials/Galaxy_J.mat
  artifactKey: Guid(2999a027beddbaf43a5ac48ac38f2dbf) Importer(815301076,1909f56bfc062723c751e8b465ee728b)
Start importing Assets/Vast Outer Space/Materials/Galaxy_J.mat using Guid(2999a027beddbaf43a5ac48ac38f2dbf) Importer(815301076,1909f56bfc062723c751e8b465ee728b)  -> (artifact id: '64c2aba0264ac9cb2a8528cfc3d4ff52') in 0.025353 seconds 
  Import took 0.029492 seconds .

========================================================================
Received Import Request.
  Time since last request: 0.000214 seconds.
  path: Assets/Vast Outer Space/Materials/Nebula_ABC.mat
  artifactKey: Guid(8b039278092af6440a1d665269ed16e1) Importer(815301076,1909f56bfc062723c751e8b465ee728b)
Start importing Assets/Vast Outer Space/Materials/Nebula_ABC.mat using Guid(8b039278092af6440a1d665269ed16e1) Importer(815301076,1909f56bfc062723c751e8b465ee728b)  -> (artifact id: '219862155b216e75fc38622db8020213') in 0.024574 seconds 
  Import took 0.029208 seconds .

========================================================================
Received Import Request.
  Time since last request: 0.000170 seconds.
  path: Assets/Vast Outer Space/Materials/Gas_Planet_C.mat
  artifactKey: Guid(f8ffae789d3897c41af6cc9cda7cca0f) Importer(815301076,1909f56bfc062723c751e8b465ee728b)
Start importing Assets/Vast Outer Space/Materials/Gas_Planet_C.mat using Guid(f8ffae789d3897c41af6cc9cda7cca0f) Importer(815301076,1909f56bfc062723c751e8b465ee728b)  -> (artifact id: 'd3480320529e03aca131e14645ce26bd') in 0.027071 seconds 
  Import took 0.030843 seconds .

========================================================================
Received Import Request.
  Time since last request: 0.000233 seconds.
  path: Assets/Vast Outer Space/Materials/Planet_A.mat
  artifactKey: Guid(03e2fc29461035a41927951b7363ce46) Importer(815301076,1909f56bfc062723c751e8b465ee728b)
Start importing Assets/Vast Outer Space/Materials/Planet_A.mat using Guid(03e2fc29461035a41927951b7363ce46) Importer(815301076,1909f56bfc062723c751e8b465ee728b)  -> (artifact id: 'b3d59fa231182bf32b868be2ae16fbcc') in 0.033191 seconds 
  Import took 0.037386 seconds .

========================================================================
Received Import Request.
  Time since last request: 0.000294 seconds.
  path: Assets/Vast Outer Space/Materials/Gas_Planet_D.mat
  artifactKey: Guid(3818510e02d7b90408301ebdd3f28488) Importer(815301076,1909f56bfc062723c751e8b465ee728b)
Start importing Assets/Vast Outer Space/Materials/Gas_Planet_D.mat using Guid(3818510e02d7b90408301ebdd3f28488) Importer(815301076,1909f56bfc062723c751e8b465ee728b)  -> (artifact id: '7bad481a728526b3eb3546aa28ccf830') in 0.045373 seconds 
  Import took 0.048738 seconds .

========================================================================
Received Import Request.
  Time since last request: 0.000229 seconds.
  path: Assets/Vast Outer Space/Materials/Planet_C.mat
  artifactKey: Guid(227fe757800b19d4ba54a32c02b0ad92) Importer(815301076,1909f56bfc062723c751e8b465ee728b)
Start importing Assets/Vast Outer Space/Materials/Planet_C.mat using Guid(227fe757800b19d4ba54a32c02b0ad92) Importer(815301076,1909f56bfc062723c751e8b465ee728b)  -> (artifact id: 'c27ca42f509c77976627062784968c4b') in 0.040360 seconds 
  Import took 0.043978 seconds .

========================================================================
Received Import Request.
  Time since last request: 0.000220 seconds.
  path: Assets/Vast Outer Space/Materials/Planet_D.mat
  artifactKey: Guid(3a95eb3253c908646bec6a4d8b0e49d5) Importer(815301076,1909f56bfc062723c751e8b465ee728b)
Start importing Assets/Vast Outer Space/Materials/Planet_D.mat using Guid(3a95eb3253c908646bec6a4d8b0e49d5) Importer(815301076,1909f56bfc062723c751e8b465ee728b)  -> (artifact id: '60b324abd6cfe18d3c3774059cb5bddc') in 0.043641 seconds 
  Import took 0.047227 seconds .

========================================================================
Received Import Request.
  Time since last request: 0.000196 seconds.
  path: Assets/Vast Outer Space/Materials/Gas_Planet_B.mat
  artifactKey: Guid(96187335e0cb98c44aac67a04bb39e15) Importer(815301076,1909f56bfc062723c751e8b465ee728b)
Start importing Assets/Vast Outer Space/Materials/Gas_Planet_B.mat using Guid(96187335e0cb98c44aac67a04bb39e15) Importer(815301076,1909f56bfc062723c751e8b465ee728b)  -> (artifact id: '2b3a675436f6121bf59d4871a9ee8273') in 0.024397 seconds 
  Import took 0.027801 seconds .

========================================================================
Received Import Request.
  Time since last request: 0.000318 seconds.
  path: Assets/Vast Outer Space/Materials/Galaxy_B.mat
  artifactKey: Guid(f1a99c9e45c32fc4ca47754db4d192c8) Importer(815301076,1909f56bfc062723c751e8b465ee728b)
Start importing Assets/Vast Outer Space/Materials/Galaxy_B.mat using Guid(f1a99c9e45c32fc4ca47754db4d192c8) Importer(815301076,1909f56bfc062723c751e8b465ee728b)  -> (artifact id: 'cff9164b2396a2a06d575078682d94c3') in 0.025706 seconds 
  Import took 0.029742 seconds .

========================================================================
Received Import Request.
  Time since last request: 0.000216 seconds.
  path: Assets/Vast Outer Space/Materials/Nebula_CD.mat
  artifactKey: Guid(a316b58204968be4c9cb938d085070af) Importer(815301076,1909f56bfc062723c751e8b465ee728b)
Start importing Assets/Vast Outer Space/Materials/Nebula_CD.mat using Guid(a316b58204968be4c9cb938d085070af) Importer(815301076,1909f56bfc062723c751e8b465ee728b)  -> (artifact id: 'e2face49d92905cbdb2125ced933cd00') in 0.026483 seconds 
  Import took 0.030190 seconds .

========================================================================
Received Import Request.
  Time since last request: 0.000253 seconds.
  path: Assets/Vast Outer Space/Materials/Galaxy_E.mat
  artifactKey: Guid(55af22e36a4cd824dacf3a882b653efc) Importer(815301076,1909f56bfc062723c751e8b465ee728b)
Start importing Assets/Vast Outer Space/Materials/Galaxy_E.mat using Guid(55af22e36a4cd824dacf3a882b653efc) Importer(815301076,1909f56bfc062723c751e8b465ee728b)  -> (artifact id: 'fe134be5c2af5f6eda399a6e0848082b') in 0.024946 seconds 
  Import took 0.029173 seconds .

========================================================================
Received Import Request.
  Time since last request: 0.000218 seconds.
  path: Assets/Vast Outer Space/Materials/Nebula_AB.mat
  artifactKey: Guid(a9ea00f1dc5c3174b8bdac84d6295f4c) Importer(815301076,1909f56bfc062723c751e8b465ee728b)
Start importing Assets/Vast Outer Space/Materials/Nebula_AB.mat using Guid(a9ea00f1dc5c3174b8bdac84d6295f4c) Importer(815301076,1909f56bfc062723c751e8b465ee728b)  -> (artifact id: '7ee66bd9792cf1ee70db3195e3b9c71e') in 0.025661 seconds 
  Import took 0.029468 seconds .

========================================================================
Received Import Request.
  Time since last request: 0.000253 seconds.
  path: Assets/Vast Outer Space/Materials/Gas_Planet_K.mat
  artifactKey: Guid(35d9c680ffb36694d84cb0ec28a51716) Importer(815301076,1909f56bfc062723c751e8b465ee728b)
Start importing Assets/Vast Outer Space/Materials/Gas_Planet_K.mat using Guid(35d9c680ffb36694d84cb0ec28a51716) Importer(815301076,1909f56bfc062723c751e8b465ee728b)  -> (artifact id: '48f88aa0a5917c16590b597c186d3cb6') in 0.025614 seconds 
  Import took 0.030283 seconds .

========================================================================
Received Import Request.
  Time since last request: 0.000270 seconds.
  path: Assets/Vast Outer Space/Materials/Gas_Planet_I.mat
  artifactKey: Guid(7642c98d15b07b045ba1a8bdfe5cff5f) Importer(815301076,1909f56bfc062723c751e8b465ee728b)
Start importing Assets/Vast Outer Space/Materials/Gas_Planet_I.mat using Guid(7642c98d15b07b045ba1a8bdfe5cff5f) Importer(815301076,1909f56bfc062723c751e8b465ee728b)  -> (artifact id: '26fbfd21c35c0de8b3a310edba1fb35a') in 0.024794 seconds 
  Import took 0.028579 seconds .

========================================================================
Received Import Request.
  Time since last request: 0.000265 seconds.
  path: Assets/Vast Outer Space/Materials/Gas_Planet_E.mat
  artifactKey: Guid(da6784313816aa243b35deb687910787) Importer(815301076,1909f56bfc062723c751e8b465ee728b)
Start importing Assets/Vast Outer Space/Materials/Gas_Planet_E.mat using Guid(da6784313816aa243b35deb687910787) Importer(815301076,1909f56bfc062723c751e8b465ee728b)  -> (artifact id: 'f1ca6aa86420a2a9ac2950a0f4c40398') in 0.024973 seconds 
  Import took 0.029100 seconds .

========================================================================
Received Import Request.
  Time since last request: 451.062108 seconds.
  path: Assets/Vast Outer Space/Prefabs/Regular_Planets
  artifactKey: Guid(c5070b42ae5f62044b9c3fa160ea7933) Importer(815301076,1909f56bfc062723c751e8b465ee728b)
Start importing Assets/Vast Outer Space/Prefabs/Regular_Planets using Guid(c5070b42ae5f62044b9c3fa160ea7933) Importer(815301076,1909f56bfc062723c751e8b465ee728b)  -> (artifact id: 'ff0339f4f5e9c21a28bfee9facf2d18c') in 0.009647 seconds 
  Import took 0.013411 seconds .

========================================================================
Received Import Request.
  Time since last request: 1.117291 seconds.
  path: Assets/Vast Outer Space/Prefabs/Regular_Planets/Planet_A.prefab
  artifactKey: Guid(718940f807eb53f4aa0c16d70080432d) Importer(815301076,1909f56bfc062723c751e8b465ee728b)
Start importing Assets/Vast Outer Space/Prefabs/Regular_Planets/Planet_A.prefab using Guid(718940f807eb53f4aa0c16d70080432d) Importer(815301076,1909f56bfc062723c751e8b465ee728b)  -> (artifact id: '66c73cb47f0808ee15b7e60910ac466c') in 0.039133 seconds 
  Import took 0.042715 seconds .

========================================================================
Received Import Request.
  Time since last request: 0.000230 seconds.
  path: Assets/Vast Outer Space/Prefabs/Regular_Planets/Planet_C.prefab
  artifactKey: Guid(3b6b2721de77cde4885fa48cd43c9f8d) Importer(815301076,1909f56bfc062723c751e8b465ee728b)
Start importing Assets/Vast Outer Space/Prefabs/Regular_Planets/Planet_C.prefab using Guid(3b6b2721de77cde4885fa48cd43c9f8d) Importer(815301076,1909f56bfc062723c751e8b465ee728b)  -> (artifact id: '88c9de9c0ba5643bbd4f2b9be5fc4f3b') in 0.016189 seconds 
  Import took 0.019360 seconds .

========================================================================
Received Import Request.
  Time since last request: 0.000318 seconds.
  path: Assets/Vast Outer Space/Prefabs/Regular_Planets/Planet_I.prefab
  artifactKey: Guid(47f548d426fb1914bae887785a512d4b) Importer(815301076,1909f56bfc062723c751e8b465ee728b)
Start importing Assets/Vast Outer Space/Prefabs/Regular_Planets/Planet_I.prefab using Guid(47f548d426fb1914bae887785a512d4b) Importer(815301076,1909f56bfc062723c751e8b465ee728b)  -> (artifact id: '507504be85d42782683843f774e5a03b') in 0.018702 seconds 
  Import took 0.022265 seconds .

========================================================================
Received Import Request.
  Time since last request: 0.000260 seconds.
  path: Assets/Vast Outer Space/Prefabs/Regular_Planets/Planet_J.prefab
  artifactKey: Guid(915aaf898641f4c42b5b0bf6777bf232) Importer(815301076,1909f56bfc062723c751e8b465ee728b)
Start importing Assets/Vast Outer Space/Prefabs/Regular_Planets/Planet_J.prefab using Guid(915aaf898641f4c42b5b0bf6777bf232) Importer(815301076,1909f56bfc062723c751e8b465ee728b)  -> (artifact id: '24d4756efc8e5d914e86bb33171ed4a1') in 0.037809 seconds 
  Import took 0.041679 seconds .

========================================================================
Received Import Request.
  Time since last request: 0.000280 seconds.
  path: Assets/Vast Outer Space/Prefabs/Regular_Planets/Planet_F.prefab
  artifactKey: Guid(7e606bbd20845a246b693fca327ac9c5) Importer(815301076,1909f56bfc062723c751e8b465ee728b)
Start importing Assets/Vast Outer Space/Prefabs/Regular_Planets/Planet_F.prefab using Guid(7e606bbd20845a246b693fca327ac9c5) Importer(815301076,1909f56bfc062723c751e8b465ee728b)  -> (artifact id: '3e71126b5a58351741a3c5ec6850db5b') in 0.026321 seconds 
  Import took 0.030403 seconds .

========================================================================
Received Import Request.
  Time since last request: 0.000203 seconds.
  path: Assets/Vast Outer Space/Prefabs/Regular_Planets/Planet_G.prefab
  artifactKey: Guid(772a79796cfbe7149a55658d42b4726d) Importer(815301076,1909f56bfc062723c751e8b465ee728b)
Start importing Assets/Vast Outer Space/Prefabs/Regular_Planets/Planet_G.prefab using Guid(772a79796cfbe7149a55658d42b4726d) Importer(815301076,1909f56bfc062723c751e8b465ee728b)  -> (artifact id: '133adbb79509ebaec3f97d9922c35a7b') in 0.028866 seconds 
  Import took 0.032435 seconds .

========================================================================
Received Import Request.
  Time since last request: 0.000293 seconds.
  path: Assets/Vast Outer Space/Prefabs/Regular_Planets/Planet_E.prefab
  artifactKey: Guid(c9df427deb000b548ba87af31d666589) Importer(815301076,1909f56bfc062723c751e8b465ee728b)
Start importing Assets/Vast Outer Space/Prefabs/Regular_Planets/Planet_E.prefab using Guid(c9df427deb000b548ba87af31d666589) Importer(815301076,1909f56bfc062723c751e8b465ee728b)  -> (artifact id: 'b5456f53e23f298415ebf4462219cce9') in 0.025301 seconds 
  Import took 0.029075 seconds .

========================================================================
Received Import Request.
  Time since last request: 0.000199 seconds.
  path: Assets/Vast Outer Space/Prefabs/Regular_Planets/Planet_H.prefab
  artifactKey: Guid(608f6bd5671f84c4eb4927a14bffe9fb) Importer(815301076,1909f56bfc062723c751e8b465ee728b)
Start importing Assets/Vast Outer Space/Prefabs/Regular_Planets/Planet_H.prefab using Guid(608f6bd5671f84c4eb4927a14bffe9fb) Importer(815301076,1909f56bfc062723c751e8b465ee728b)  -> (artifact id: '926ca360110d4ba22b8f5973d6cbddf4') in 0.021403 seconds 
  Import took 0.025849 seconds .

========================================================================
Received Import Request.
  Time since last request: 0.000253 seconds.
  path: Assets/Vast Outer Space/Prefabs/Regular_Planets/Planet_D.prefab
  artifactKey: Guid(4645135d15e70fa45824a3a594cb2b46) Importer(815301076,1909f56bfc062723c751e8b465ee728b)
Start importing Assets/Vast Outer Space/Prefabs/Regular_Planets/Planet_D.prefab using Guid(4645135d15e70fa45824a3a594cb2b46) Importer(815301076,1909f56bfc062723c751e8b465ee728b)  -> (artifact id: '663b47072e6ae31978892536f3b73235') in 0.026546 seconds 
  Import took 0.030179 seconds .

========================================================================
Received Import Request.
  Time since last request: 0.000232 seconds.
  path: Assets/Vast Outer Space/Prefabs/Regular_Planets/Planet_K.prefab
  artifactKey: Guid(836770c02ea056347a2033b490fe4f0d) Importer(815301076,1909f56bfc062723c751e8b465ee728b)
Start importing Assets/Vast Outer Space/Prefabs/Regular_Planets/Planet_K.prefab using Guid(836770c02ea056347a2033b490fe4f0d) Importer(815301076,1909f56bfc062723c751e8b465ee728b)  -> (artifact id: 'bf48baf79813d12a7033d5eac73ff90d') in 0.025442 seconds 
  Import took 0.029545 seconds .

========================================================================
Received Import Request.
  Time since last request: 0.000367 seconds.
  path: Assets/Vast Outer Space/Prefabs/Regular_Planets/Sun.prefab
  artifactKey: Guid(01538f1c3c3e04848889987a7bca8e63) Importer(815301076,1909f56bfc062723c751e8b465ee728b)
Start importing Assets/Vast Outer Space/Prefabs/Regular_Planets/Sun.prefab using Guid(01538f1c3c3e04848889987a7bca8e63) Importer(815301076,1909f56bfc062723c751e8b465ee728b)  -> (artifact id: 'd3b73fd0e582e7b9b41f2d60d60a80f8') in 0.042755 seconds 
  Import took 0.047202 seconds .

========================================================================
Received Import Request.
  Time since last request: 0.000222 seconds.
  path: Assets/Vast Outer Space/Prefabs/Regular_Planets/Planet_B.prefab
  artifactKey: Guid(c38c830f1a01cc2419486a2e550473ee) Importer(815301076,1909f56bfc062723c751e8b465ee728b)
Start importing Assets/Vast Outer Space/Prefabs/Regular_Planets/Planet_B.prefab using Guid(c38c830f1a01cc2419486a2e550473ee) Importer(815301076,1909f56bfc062723c751e8b465ee728b)  -> (artifact id: '00bf5a51ae6c528e7c2f1e3ff3d0d3e5') in 0.018959 seconds 
  Import took 0.022224 seconds .

========================================================================
Received Import Request.
  Time since last request: 0.000228 seconds.
  path: Assets/Vast Outer Space/Prefabs/Regular_Planets/Planet_L.prefab
  artifactKey: Guid(765d85c64e1e9854a94ccb1eaa1f56db) Importer(815301076,1909f56bfc062723c751e8b465ee728b)
Start importing Assets/Vast Outer Space/Prefabs/Regular_Planets/Planet_L.prefab using Guid(765d85c64e1e9854a94ccb1eaa1f56db) Importer(815301076,1909f56bfc062723c751e8b465ee728b)  -> (artifact id: '70820cc520760864bdd48aff3048c705') in 0.025190 seconds 
  Import took 0.028914 seconds .

========================================================================
Received Import Request.
  Time since last request: 2.321445 seconds.
  path: Assets/Vast Outer Space/Prefabs/Galaxies and Nebulae
  artifactKey: Guid(f56258d9c135255489eb01d18ad0e509) Importer(815301076,1909f56bfc062723c751e8b465ee728b)
Start importing Assets/Vast Outer Space/Prefabs/Galaxies and Nebulae using Guid(f56258d9c135255489eb01d18ad0e509) Importer(815301076,1909f56bfc062723c751e8b465ee728b)  -> (artifact id: 'd50b2f5fb74d5c485caf3906cf9fb3be') in 0.008200 seconds 
  Import took 0.011878 seconds .

========================================================================
Received Import Request.
  Time since last request: 3.308198 seconds.
  path: Assets/Vast Outer Space/Prefabs/Gas_Planets
  artifactKey: Guid(77ea742e2a9991d4b8fbef55a1fcac0b) Importer(815301076,1909f56bfc062723c751e8b465ee728b)
Start importing Assets/Vast Outer Space/Prefabs/Gas_Planets using Guid(77ea742e2a9991d4b8fbef55a1fcac0b) Importer(815301076,1909f56bfc062723c751e8b465ee728b)  -> (artifact id: '4a656225022bb0c289e2566d1e9820aa') in 0.008388 seconds 
  Import took 0.012008 seconds .

========================================================================
Received Import Request.
  Time since last request: 0.034488 seconds.
  path: Assets/Vast Outer Space/Prefabs/Gas_Planets/Gas_Planet_A.prefab
  artifactKey: Guid(f2f3120c1bdbe1048b22872d840de803) Importer(815301076,1909f56bfc062723c751e8b465ee728b)
Start importing Assets/Vast Outer Space/Prefabs/Gas_Planets/Gas_Planet_A.prefab using Guid(f2f3120c1bdbe1048b22872d840de803) Importer(815301076,1909f56bfc062723c751e8b465ee728b)  -> (artifact id: 'ac81d931e79efbdb627c58e2048a1239') in 0.019054 seconds 
  Import took 0.023650 seconds .

========================================================================
Received Import Request.
  Time since last request: 0.000257 seconds.
  path: Assets/Vast Outer Space/Prefabs/Gas_Planets/Gas_Planet_B.prefab
  artifactKey: Guid(76c5527a13ac58a4494ef594b2b03b75) Importer(815301076,1909f56bfc062723c751e8b465ee728b)
Start importing Assets/Vast Outer Space/Prefabs/Gas_Planets/Gas_Planet_B.prefab using Guid(76c5527a13ac58a4494ef594b2b03b75) Importer(815301076,1909f56bfc062723c751e8b465ee728b)  -> (artifact id: '663275e4c29f883991322aa63ef19b5b') in 0.015726 seconds 
  Import took 0.018975 seconds .

========================================================================
Received Import Request.
  Time since last request: 0.000269 seconds.
  path: Assets/Vast Outer Space/Prefabs/Gas_Planets/Gas_Planet_E.prefab
  artifactKey: Guid(9bc7818d5f646e449a9a231e56b9bcb2) Importer(815301076,1909f56bfc062723c751e8b465ee728b)
Start importing Assets/Vast Outer Space/Prefabs/Gas_Planets/Gas_Planet_E.prefab using Guid(9bc7818d5f646e449a9a231e56b9bcb2) Importer(815301076,1909f56bfc062723c751e8b465ee728b)  -> (artifact id: '89fc3828e0be1dda8df112c5113d2b43') in 0.014833 seconds 
  Import took 0.017774 seconds .

========================================================================
Received Import Request.
  Time since last request: 0.000242 seconds.
  path: Assets/Vast Outer Space/Prefabs/Gas_Planets/Gas_Planet_K.prefab
  artifactKey: Guid(84c2617c34824af49a0ce8569549f42a) Importer(815301076,1909f56bfc062723c751e8b465ee728b)
Start importing Assets/Vast Outer Space/Prefabs/Gas_Planets/Gas_Planet_K.prefab using Guid(84c2617c34824af49a0ce8569549f42a) Importer(815301076,1909f56bfc062723c751e8b465ee728b)  -> (artifact id: '85164a1dae3d308f37da2917ec889dcc') in 0.017241 seconds 
  Import took 0.021078 seconds .

========================================================================
Received Import Request.
  Time since last request: 0.000276 seconds.
  path: Assets/Vast Outer Space/Prefabs/Gas_Planets/Gas_Planet_C.prefab
  artifactKey: Guid(26e950ddae2da3a4581a7692739c06fc) Importer(815301076,1909f56bfc062723c751e8b465ee728b)
Start importing Assets/Vast Outer Space/Prefabs/Gas_Planets/Gas_Planet_C.prefab using Guid(26e950ddae2da3a4581a7692739c06fc) Importer(815301076,1909f56bfc062723c751e8b465ee728b)  -> (artifact id: '4e20264b73ccbc731d809e03320fc626') in 0.032054 seconds 
  Import took 0.036088 seconds .

========================================================================
Received Import Request.
  Time since last request: 0.000205 seconds.
  path: Assets/Vast Outer Space/Prefabs/Gas_Planets/Gas_Planet_I.prefab
  artifactKey: Guid(9b81a1e9339b8bb4d90cdb180b6122d2) Importer(815301076,1909f56bfc062723c751e8b465ee728b)
Start importing Assets/Vast Outer Space/Prefabs/Gas_Planets/Gas_Planet_I.prefab using Guid(9b81a1e9339b8bb4d90cdb180b6122d2) Importer(815301076,1909f56bfc062723c751e8b465ee728b)  -> (artifact id: '9a2bb628906373f54b6e677057c78b5b') in 0.026547 seconds 
  Import took 0.029909 seconds .

========================================================================
Received Import Request.
  Time since last request: 0.000198 seconds.
  path: Assets/Vast Outer Space/Prefabs/Gas_Planets/Gas_Planet_D.prefab
  artifactKey: Guid(ed9db51865b70e24d8a9214f83df5912) Importer(815301076,1909f56bfc062723c751e8b465ee728b)
Start importing Assets/Vast Outer Space/Prefabs/Gas_Planets/Gas_Planet_D.prefab using Guid(ed9db51865b70e24d8a9214f83df5912) Importer(815301076,1909f56bfc062723c751e8b465ee728b)  -> (artifact id: 'e6a185f2abec64f3527f2857fef0e5e9') in 0.026373 seconds 
  Import took 0.029860 seconds .

========================================================================
Received Import Request.
  Time since last request: 0.000184 seconds.
  path: Assets/Vast Outer Space/Prefabs/Gas_Planets/Gas_Planet_F.prefab
  artifactKey: Guid(5bb6f67ac3a49004fb0e5b9174a1d1bb) Importer(815301076,1909f56bfc062723c751e8b465ee728b)
Start importing Assets/Vast Outer Space/Prefabs/Gas_Planets/Gas_Planet_F.prefab using Guid(5bb6f67ac3a49004fb0e5b9174a1d1bb) Importer(815301076,1909f56bfc062723c751e8b465ee728b)  -> (artifact id: 'c841c3bcfe7db7ffc3b618ab79a860a0') in 0.021800 seconds 
  Import took 0.025786 seconds .

========================================================================
Received Import Request.
  Time since last request: 0.000221 seconds.
  path: Assets/Vast Outer Space/Prefabs/Gas_Planets/Gas_Planet_H.prefab
  artifactKey: Guid(f5964d934705c9f4aa7ef77d1a1bc85c) Importer(815301076,1909f56bfc062723c751e8b465ee728b)
Start importing Assets/Vast Outer Space/Prefabs/Gas_Planets/Gas_Planet_H.prefab using Guid(f5964d934705c9f4aa7ef77d1a1bc85c) Importer(815301076,1909f56bfc062723c751e8b465ee728b)  -> (artifact id: 'a96d1597ad5e4fd0515e65c9850bd552') in 0.025031 seconds 
  Import took 0.029907 seconds .

========================================================================
Received Import Request.
  Time since last request: 0.000324 seconds.
  path: Assets/Vast Outer Space/Prefabs/Gas_Planets/Gas_Planet_G.prefab
  artifactKey: Guid(e47bb2f50258ed841b48fa1eef455833) Importer(815301076,1909f56bfc062723c751e8b465ee728b)
Start importing Assets/Vast Outer Space/Prefabs/Gas_Planets/Gas_Planet_G.prefab using Guid(e47bb2f50258ed841b48fa1eef455833) Importer(815301076,1909f56bfc062723c751e8b465ee728b)  -> (artifact id: '195c8db1701135ede646e78a883d0a24') in 0.017705 seconds 
  Import took 0.022571 seconds .

========================================================================
Received Import Request.
  Time since last request: 0.000285 seconds.
  path: Assets/Vast Outer Space/Prefabs/Gas_Planets/Gas_Planet_J.prefab
  artifactKey: Guid(39c9a4332495ee04b8a6fb43b2a2f304) Importer(815301076,1909f56bfc062723c751e8b465ee728b)
Start importing Assets/Vast Outer Space/Prefabs/Gas_Planets/Gas_Planet_J.prefab using Guid(39c9a4332495ee04b8a6fb43b2a2f304) Importer(815301076,1909f56bfc062723c751e8b465ee728b)  -> (artifact id: '55ec2d0ba7c23e8f601ec0296a38a7fb') in 0.022901 seconds 
  Import took 0.026831 seconds .

========================================================================
Received Import Request.
  Time since last request: 0.000454 seconds.
  path: Assets/Vast Outer Space/Prefabs/Gas_Planets/Gas_Planet_L.prefab
  artifactKey: Guid(9740090b9019fec4885433a4c6d422d7) Importer(815301076,1909f56bfc062723c751e8b465ee728b)
Start importing Assets/Vast Outer Space/Prefabs/Gas_Planets/Gas_Planet_L.prefab using Guid(9740090b9019fec4885433a4c6d422d7) Importer(815301076,1909f56bfc062723c751e8b465ee728b)  -> (artifact id: '41a2993cbbaf2ff36c027f5257d2b798') in 0.023611 seconds 
  Import took 0.027857 seconds .

========================================================================
Received Import Request.
  Time since last request: 1.834277 seconds.
  path: Assets/Vast Outer Space/Prefabs/Particle Effects
  artifactKey: Guid(0437ed557bdedb74a8b24b6ad78dca1b) Importer(815301076,1909f56bfc062723c751e8b465ee728b)
Start importing Assets/Vast Outer Space/Prefabs/Particle Effects using Guid(0437ed557bdedb74a8b24b6ad78dca1b) Importer(815301076,1909f56bfc062723c751e8b465ee728b)  -> (artifact id: 'c6075d15cca3299757cf497156484c87') in 0.007743 seconds 
  Import took 0.011457 seconds .

========================================================================
Received Import Request.
  Time since last request: 0.047129 seconds.
  path: Assets/Vast Outer Space/Prefabs/Particle Effects/Asteroids_Dense_A.prefab
  artifactKey: Guid(91a2ff99c55e0ff40873274bac746b14) Importer(815301076,1909f56bfc062723c751e8b465ee728b)
Start importing Assets/Vast Outer Space/Prefabs/Particle Effects/Asteroids_Dense_A.prefab using Guid(91a2ff99c55e0ff40873274bac746b14) Importer(815301076,1909f56bfc062723c751e8b465ee728b)  -> (artifact id: '9384d0ee116d87a6d7bafb392176b5f3') in 0.022857 seconds 
  Import took 0.026592 seconds .

========================================================================
Received Import Request.
  Time since last request: 0.000235 seconds.
  path: Assets/Vast Outer Space/Prefabs/Particle Effects/Asteroids_Scattered_A.prefab
  artifactKey: Guid(b5ced9f6acfedcf42ba0cd4672b305ce) Importer(815301076,1909f56bfc062723c751e8b465ee728b)
Start importing Assets/Vast Outer Space/Prefabs/Particle Effects/Asteroids_Scattered_A.prefab using Guid(b5ced9f6acfedcf42ba0cd4672b305ce) Importer(815301076,1909f56bfc062723c751e8b465ee728b)  -> (artifact id: 'a503e19d19eabf26b0c3886bb863f891') in 0.018238 seconds 
  Import took 0.021872 seconds .

========================================================================
Received Import Request.
  Time since last request: 0.000266 seconds.
  path: Assets/Vast Outer Space/Prefabs/Particle Effects/Asteroids_Scattered_B.prefab
  artifactKey: Guid(3898d41629554a344b1503479aa41d48) Importer(815301076,1909f56bfc062723c751e8b465ee728b)
Start importing Assets/Vast Outer Space/Prefabs/Particle Effects/Asteroids_Scattered_B.prefab using Guid(3898d41629554a344b1503479aa41d48) Importer(815301076,1909f56bfc062723c751e8b465ee728b)  -> (artifact id: 'fb2f34ca3b6d45043552adaea4004406') in 0.021838 seconds 
  Import took 0.025566 seconds .

========================================================================
Received Import Request.
  Time since last request: 0.000189 seconds.
  path: Assets/Vast Outer Space/Prefabs/Particle Effects/Asteroids_Dense_B.prefab
  artifactKey: Guid(0e66f862ac3e68c429da9f9aac1bb079) Importer(815301076,1909f56bfc062723c751e8b465ee728b)
Start importing Assets/Vast Outer Space/Prefabs/Particle Effects/Asteroids_Dense_B.prefab using Guid(0e66f862ac3e68c429da9f9aac1bb079) Importer(815301076,1909f56bfc062723c751e8b465ee728b)  -> (artifact id: '7dea8d08a0b138dc82a6482054ce9026') in 0.024490 seconds 
  Import took 0.028134 seconds .

========================================================================
Received Import Request.
  Time since last request: 0.000308 seconds.
  path: Assets/Vast Outer Space/Prefabs/Particle Effects/Warp_Drive_C.prefab
  artifactKey: Guid(d31d9ab42a5c65445aec0bd43ef82eb6) Importer(815301076,1909f56bfc062723c751e8b465ee728b)
Start importing Assets/Vast Outer Space/Prefabs/Particle Effects/Warp_Drive_C.prefab using Guid(d31d9ab42a5c65445aec0bd43ef82eb6) Importer(815301076,1909f56bfc062723c751e8b465ee728b)  -> (artifact id: '432c3266ba5362dfd328d69a42b3a2e7') in 0.020701 seconds 
  Import took 0.024784 seconds .

========================================================================
Received Import Request.
  Time since last request: 0.000201 seconds.
  path: Assets/Vast Outer Space/Prefabs/Particle Effects/Warp_Drive_B.prefab
  artifactKey: Guid(fa732d156fa9e69499e9a6cc64c88818) Importer(815301076,1909f56bfc062723c751e8b465ee728b)
Start importing Assets/Vast Outer Space/Prefabs/Particle Effects/Warp_Drive_B.prefab using Guid(fa732d156fa9e69499e9a6cc64c88818) Importer(815301076,1909f56bfc062723c751e8b465ee728b)  -> (artifact id: 'f6008aa050fdab71a8310a17a5a055a6') in 0.022504 seconds 
  Import took 0.027417 seconds .

========================================================================
Received Import Request.
  Time since last request: 0.000248 seconds.
  path: Assets/Vast Outer Space/Prefabs/Particle Effects/Distant_Stars_Scattered.prefab
  artifactKey: Guid(b9b712fae167cc147a72d5ac48150e0e) Importer(815301076,1909f56bfc062723c751e8b465ee728b)
Start importing Assets/Vast Outer Space/Prefabs/Particle Effects/Distant_Stars_Scattered.prefab using Guid(b9b712fae167cc147a72d5ac48150e0e) Importer(815301076,1909f56bfc062723c751e8b465ee728b)  -> (artifact id: '7e37002f81024a823459ae4160552cb0') in 0.020735 seconds 
  Import took 0.024917 seconds .

========================================================================
Received Import Request.
  Time since last request: 0.000249 seconds.
  path: Assets/Vast Outer Space/Prefabs/Particle Effects/Stars_Flyby_Slow.prefab
  artifactKey: Guid(39332a43c68770e47ba274b4aadca0e6) Importer(815301076,1909f56bfc062723c751e8b465ee728b)
Start importing Assets/Vast Outer Space/Prefabs/Particle Effects/Stars_Flyby_Slow.prefab using Guid(39332a43c68770e47ba274b4aadca0e6) Importer(815301076,1909f56bfc062723c751e8b465ee728b)  -> (artifact id: '5daca98ab55142f406077821b8a4c831') in 0.018020 seconds 
  Import took 0.021961 seconds .

========================================================================
Received Import Request.
  Time since last request: 0.000266 seconds.
  path: Assets/Vast Outer Space/Prefabs/Particle Effects/Warp_Drive_A.prefab
  artifactKey: Guid(df5f76c77be83cc43886fa83cdbadf57) Importer(815301076,1909f56bfc062723c751e8b465ee728b)
Start importing Assets/Vast Outer Space/Prefabs/Particle Effects/Warp_Drive_A.prefab using Guid(df5f76c77be83cc43886fa83cdbadf57) Importer(815301076,1909f56bfc062723c751e8b465ee728b)  -> (artifact id: '00db5f57ed91576012139d7471797a40') in 0.025517 seconds 
  Import took 0.030152 seconds .

========================================================================
Received Import Request.
  Time since last request: 0.000329 seconds.
  path: Assets/Vast Outer Space/Prefabs/Particle Effects/Stars_Flyby_Fast.prefab
  artifactKey: Guid(fefeb803921ae144bbf6f0dd7ceb2ca6) Importer(815301076,1909f56bfc062723c751e8b465ee728b)
Start importing Assets/Vast Outer Space/Prefabs/Particle Effects/Stars_Flyby_Fast.prefab using Guid(fefeb803921ae144bbf6f0dd7ceb2ca6) Importer(815301076,1909f56bfc062723c751e8b465ee728b)  -> (artifact id: 'c00aeac251fdb6b2b621af2e851852a4') in 0.023537 seconds 
  Import took 0.027244 seconds .

========================================================================
Received Import Request.
  Time since last request: 0.000309 seconds.
  path: Assets/Vast Outer Space/Prefabs/Particle Effects/Distant_Stars_Dense.prefab
  artifactKey: Guid(aed921ccd7a51cd47bcf557c266c33fa) Importer(815301076,1909f56bfc062723c751e8b465ee728b)
Start importing Assets/Vast Outer Space/Prefabs/Particle Effects/Distant_Stars_Dense.prefab using Guid(aed921ccd7a51cd47bcf557c266c33fa) Importer(815301076,1909f56bfc062723c751e8b465ee728b)  -> (artifact id: '040788df9926f69d1f27daf2339483e4') in 0.024722 seconds 
  Import took 0.029275 seconds .

========================================================================
Received Import Request.
  Time since last request: 0.000355 seconds.
  path: Assets/Vast Outer Space/Prefabs/Particle Effects/Stars_Flyby_Medium.prefab
  artifactKey: Guid(181bdf4a0c05f1b45bc6151f67e9b937) Importer(815301076,1909f56bfc062723c751e8b465ee728b)
Start importing Assets/Vast Outer Space/Prefabs/Particle Effects/Stars_Flyby_Medium.prefab using Guid(181bdf4a0c05f1b45bc6151f67e9b937) Importer(815301076,1909f56bfc062723c751e8b465ee728b)  -> (artifact id: 'd3e295c10ecb74564058b6146228c5f5') in 0.017095 seconds 
  Import took 0.020851 seconds .

========================================================================
Received Import Request.
  Time since last request: 0.000352 seconds.
  path: Assets/Vast Outer Space/Prefabs/Particle Effects/Nebula_Cloud.prefab
  artifactKey: Guid(cfe851c5dcb63064585a4c5b247de0a5) Importer(815301076,1909f56bfc062723c751e8b465ee728b)
Start importing Assets/Vast Outer Space/Prefabs/Particle Effects/Nebula_Cloud.prefab using Guid(cfe851c5dcb63064585a4c5b247de0a5) Importer(815301076,1909f56bfc062723c751e8b465ee728b)  -> (artifact id: '422acb8402c5378e5bd3a1d5dbc8636c') in 0.023735 seconds 
  Import took 0.028035 seconds .

========================================================================
Received Import Request.
  Time since last request: 3.979055 seconds.
  path: Assets/Vast Outer Space/Prefabs/Planet_Rings
  artifactKey: Guid(cef7ed26e835ca2458f6d76844f6f95f) Importer(815301076,1909f56bfc062723c751e8b465ee728b)
Start importing Assets/Vast Outer Space/Prefabs/Planet_Rings using Guid(cef7ed26e835ca2458f6d76844f6f95f) Importer(815301076,1909f56bfc062723c751e8b465ee728b)  -> (artifact id: 'f24bf13e925059e746811fde23edc002') in 0.008523 seconds 
  Import took 0.012272 seconds .

========================================================================
Received Import Request.
  Time since last request: 0.035561 seconds.
  path: Assets/Vast Outer Space/Prefabs/Planet_Rings/Planet_Ring_A1.prefab
  artifactKey: Guid(5052d7eba8f56bd429121483b0e48249) Importer(815301076,1909f56bfc062723c751e8b465ee728b)
Start importing Assets/Vast Outer Space/Prefabs/Planet_Rings/Planet_Ring_A1.prefab using Guid(5052d7eba8f56bd429121483b0e48249) Importer(815301076,1909f56bfc062723c751e8b465ee728b)  -> (artifact id: 'c9307f38afbe51fa58df4191711c9873') in 0.034290 seconds 
  Import took 0.038109 seconds .

========================================================================
Received Import Request.
  Time since last request: 0.000230 seconds.
  path: Assets/Vast Outer Space/Prefabs/Planet_Rings/Planet_Ring_D1.prefab
  artifactKey: Guid(d0ba74bc4033d3748a26e8aed52fb490) Importer(815301076,1909f56bfc062723c751e8b465ee728b)
Start importing Assets/Vast Outer Space/Prefabs/Planet_Rings/Planet_Ring_D1.prefab using Guid(d0ba74bc4033d3748a26e8aed52fb490) Importer(815301076,1909f56bfc062723c751e8b465ee728b)  -> (artifact id: '3ca6867f257a119e00f77fa4dbfe096b') in 0.026316 seconds 
  Import took 0.030229 seconds .

========================================================================
Received Import Request.
  Time since last request: 0.000315 seconds.
  path: Assets/Vast Outer Space/Prefabs/Planet_Rings/Planet_Ring_B1.prefab
  artifactKey: Guid(5fa7defc5c2308d48b1941347fad1e5b) Importer(815301076,1909f56bfc062723c751e8b465ee728b)
Start importing Assets/Vast Outer Space/Prefabs/Planet_Rings/Planet_Ring_B1.prefab using Guid(5fa7defc5c2308d48b1941347fad1e5b) Importer(815301076,1909f56bfc062723c751e8b465ee728b)  -> (artifact id: '39405191b22cf2916344280e55273a69') in 0.023225 seconds 
  Import took 0.027583 seconds .

========================================================================
Received Import Request.
  Time since last request: 0.000212 seconds.
  path: Assets/Vast Outer Space/Prefabs/Planet_Rings/Planet_Ring_C2.prefab
  artifactKey: Guid(d39738b9330333a4c827ec704ee6c99b) Importer(815301076,1909f56bfc062723c751e8b465ee728b)
Start importing Assets/Vast Outer Space/Prefabs/Planet_Rings/Planet_Ring_C2.prefab using Guid(d39738b9330333a4c827ec704ee6c99b) Importer(815301076,1909f56bfc062723c751e8b465ee728b)  -> (artifact id: '95b0ddbd45a1775ffd89870ba1caf867') in 0.025999 seconds 
  Import took 0.031219 seconds .

========================================================================
Received Import Request.
  Time since last request: 0.000281 seconds.
  path: Assets/Vast Outer Space/Prefabs/Planet_Rings/Planet_Ring_B2.prefab
  artifactKey: Guid(57a95317300c4f3429baab9f22400d96) Importer(815301076,1909f56bfc062723c751e8b465ee728b)
Start importing Assets/Vast Outer Space/Prefabs/Planet_Rings/Planet_Ring_B2.prefab using Guid(57a95317300c4f3429baab9f22400d96) Importer(815301076,1909f56bfc062723c751e8b465ee728b)  -> (artifact id: '6c5f37cb0b1421f02c8f337153ef8c69') in 0.023638 seconds 
  Import took 0.028311 seconds .

========================================================================
Received Import Request.
  Time since last request: 0.000389 seconds.
  path: Assets/Vast Outer Space/Prefabs/Planet_Rings/Planet_Ring_C1.prefab
  artifactKey: Guid(564b158b8ca9183439e9a07768e84d4e) Importer(815301076,1909f56bfc062723c751e8b465ee728b)
Start importing Assets/Vast Outer Space/Prefabs/Planet_Rings/Planet_Ring_C1.prefab using Guid(564b158b8ca9183439e9a07768e84d4e) Importer(815301076,1909f56bfc062723c751e8b465ee728b)  -> (artifact id: 'a0b18b14cb0c416046538072636d36f2') in 0.019178 seconds 
  Import took 0.023612 seconds .

========================================================================
Received Import Request.
  Time since last request: 0.000253 seconds.
  path: Assets/Vast Outer Space/Prefabs/Planet_Rings/Planet_Ring_E2.prefab
  artifactKey: Guid(843ebbe0e5f80534dbeead694cb7b10b) Importer(815301076,1909f56bfc062723c751e8b465ee728b)
Start importing Assets/Vast Outer Space/Prefabs/Planet_Rings/Planet_Ring_E2.prefab using Guid(843ebbe0e5f80534dbeead694cb7b10b) Importer(815301076,1909f56bfc062723c751e8b465ee728b)  -> (artifact id: '38315dc5545949d8ed5d9e190b2f416a') in 0.028934 seconds 
  Import took 0.033197 seconds .

========================================================================
Received Import Request.
  Time since last request: 0.000257 seconds.
  path: Assets/Vast Outer Space/Prefabs/Planet_Rings/Planet_Ring_A2.prefab
  artifactKey: Guid(3d295e0f3ce3e6b4891054b9da5f6ebf) Importer(815301076,1909f56bfc062723c751e8b465ee728b)
Start importing Assets/Vast Outer Space/Prefabs/Planet_Rings/Planet_Ring_A2.prefab using Guid(3d295e0f3ce3e6b4891054b9da5f6ebf) Importer(815301076,1909f56bfc062723c751e8b465ee728b)  -> (artifact id: '665ee5f15972d8cbaad2ea09fe28a469') in 0.020931 seconds 
  Import took 0.025421 seconds .

========================================================================
Received Import Request.
  Time since last request: 0.000282 seconds.
  path: Assets/Vast Outer Space/Prefabs/Planet_Rings/Planet_Ring_D2.prefab
  artifactKey: Guid(5e146687c6a67f2418267f6d12ad2e83) Importer(815301076,1909f56bfc062723c751e8b465ee728b)
Start importing Assets/Vast Outer Space/Prefabs/Planet_Rings/Planet_Ring_D2.prefab using Guid(5e146687c6a67f2418267f6d12ad2e83) Importer(815301076,1909f56bfc062723c751e8b465ee728b)  -> (artifact id: 'a569cab53d8170911b10910e2fa06f3f') in 0.025972 seconds 
  Import took 0.030098 seconds .

========================================================================
Received Import Request.
  Time since last request: 0.000233 seconds.
  path: Assets/Vast Outer Space/Prefabs/Planet_Rings/Planet_Ring_E1.prefab
  artifactKey: Guid(abf6266a3b66dcb41be6e9bc6fd42e0c) Importer(815301076,1909f56bfc062723c751e8b465ee728b)
Start importing Assets/Vast Outer Space/Prefabs/Planet_Rings/Planet_Ring_E1.prefab using Guid(abf6266a3b66dcb41be6e9bc6fd42e0c) Importer(815301076,1909f56bfc062723c751e8b465ee728b)  -> (artifact id: '7cc34444aa10a920030c45cf042a533c') in 0.023807 seconds 
  Import took 0.027631 seconds .

========================================================================
Received Prepare
Registering precompiled user dll's ...
Registered in 0.004340 seconds.
Begin MonoManager ReloadAssembly
Native extension for WindowsStandalone target not found
Native extension for WebGL target not found
Refreshing native plugins compatible for Editor in 0.62 ms, found 2 plugins.
Preloading 0 native plugins for Editor in 0.00 ms.
Mono: successfully reloaded assembly
- Completed reload, in  1.153 seconds
Domain Reload Profiling:
	ReloadAssembly (1154ms)
		BeginReloadAssembly (141ms)
			ExecutionOrderSort (0ms)
			DisableScriptedObjects (4ms)
			BackupInstance (0ms)
			ReleaseScriptingObjects (0ms)
			CreateAndSetChildDomain (50ms)
		EndReloadAssembly (936ms)
			LoadAssemblies (102ms)
			RebuildTransferFunctionScriptingTraits (0ms)
			SetupTypeCache (352ms)
			ReleaseScriptCaches (1ms)
			RebuildScriptCaches (41ms)
			SetupLoadedEditorAssemblies (326ms)
				LogAssemblyErrors (0ms)
				InitializePlatformSupportModulesInManaged (7ms)
				SetLoadedEditorAssemblies (0ms)
				RefreshPlugins (1ms)
				BeforeProcessingInitializeOnLoad (89ms)
				ProcessInitializeOnLoadAttributes (218ms)
				ProcessInitializeOnLoadMethodAttributes (4ms)
				AfterProcessingInitializeOnLoad (7ms)
				EditorAssembliesLoaded (1ms)
			ExecutionOrderSort2 (0ms)
			AwakeInstancesAfterBackupRestoration (10ms)
Platform modules already initialized, skipping
Refreshing native plugins compatible for Editor in 0.56 ms, found 2 plugins.
Preloading 0 native plugins for Editor in 0.00 ms.
Unloading 1769 Unused Serialized files (Serialized files now loaded: 0)
System memory in use before: 85.3 MB.
System memory in use after: 85.4 MB.

Unloading 13 unused Assets to reduce memory usage. Loaded Objects now: 2300.
Total: 3.745000 ms (FindLiveObjects: 0.236800 ms CreateObjectMapping: 0.166800 ms MarkObjects: 3.242300 ms  DeleteObjects: 0.097600 ms)

AssetImportParameters requested are different than current active one (requested -> active):
  custom:framework-win-MediaFoundation: 216162199b28c13a410421893ffa2e32 -> 
  custom:video-decoder-ogg-theora: a1e56fd34408186e4bbccfd4996cb3dc -> 
  custom:container-muxer-webm: aa71ff27fc2769a1b78a27578f13a17b -> 
  custom:container-demuxer-webm: 4f35f7cbe854078d1ac9338744f61a02 -> 
  custom:container-demuxer-ogg: 62fdf1f143b41e24485cea50d1cbac27 -> 
  custom:video-encoder-webm-vp8: eb34c28f22e8b96e1ab97ce403110664 -> 
  custom:video-decoder-webm-vp8: 9c59270c3fd7afecdb556c50c9e8de78 -> 
  custom:audio-decoder-ogg-vorbis: bf7c407c2cedff20999df2af8eb42d56 -> 
  custom:audio-encoder-webm-vorbis: bf7c407c2cedff20999df2af8eb42d56 -> 
========================================================================
Received Prepare
Registering precompiled user dll's ...
Registered in 0.003505 seconds.
Begin MonoManager ReloadAssembly
Native extension for WindowsStandalone target not found
Native extension for WebGL target not found
Refreshing native plugins compatible for Editor in 0.58 ms, found 2 plugins.
Preloading 0 native plugins for Editor in 0.00 ms.
Mono: successfully reloaded assembly
- Completed reload, in  1.217 seconds
Domain Reload Profiling:
	ReloadAssembly (1218ms)
		BeginReloadAssembly (129ms)
			ExecutionOrderSort (0ms)
			DisableScriptedObjects (5ms)
			BackupInstance (0ms)
			ReleaseScriptingObjects (0ms)
			CreateAndSetChildDomain (42ms)
		EndReloadAssembly (1014ms)
			LoadAssemblies (109ms)
			RebuildTransferFunctionScriptingTraits (0ms)
			SetupTypeCache (345ms)
			ReleaseScriptCaches (1ms)
			RebuildScriptCaches (47ms)
			SetupLoadedEditorAssemblies (360ms)
				LogAssemblyErrors (0ms)
				InitializePlatformSupportModulesInManaged (8ms)
				SetLoadedEditorAssemblies (1ms)
				RefreshPlugins (1ms)
				BeforeProcessingInitializeOnLoad (92ms)
				ProcessInitializeOnLoadAttributes (243ms)
				ProcessInitializeOnLoadMethodAttributes (5ms)
				AfterProcessingInitializeOnLoad (11ms)
				EditorAssembliesLoaded (0ms)
			ExecutionOrderSort2 (0ms)
			AwakeInstancesAfterBackupRestoration (10ms)
Platform modules already initialized, skipping
Refreshing native plugins compatible for Editor in 0.53 ms, found 2 plugins.
Preloading 0 native plugins for Editor in 0.00 ms.
Unloading 1769 Unused Serialized files (Serialized files now loaded: 0)
System memory in use before: 85.3 MB.
System memory in use after: 85.4 MB.

Unloading 13 unused Assets to reduce memory usage. Loaded Objects now: 2302.
Total: 3.290400 ms (FindLiveObjects: 0.185800 ms CreateObjectMapping: 0.065600 ms MarkObjects: 2.939000 ms  DeleteObjects: 0.098400 ms)

AssetImportParameters requested are different than current active one (requested -> active):
  custom:framework-win-MediaFoundation: 216162199b28c13a410421893ffa2e32 -> 
  custom:video-decoder-ogg-theora: a1e56fd34408186e4bbccfd4996cb3dc -> 
  custom:container-muxer-webm: aa71ff27fc2769a1b78a27578f13a17b -> 
  custom:container-demuxer-webm: 4f35f7cbe854078d1ac9338744f61a02 -> 
  custom:container-demuxer-ogg: 62fdf1f143b41e24485cea50d1cbac27 -> 
  custom:video-encoder-webm-vp8: eb34c28f22e8b96e1ab97ce403110664 -> 
  custom:video-decoder-webm-vp8: 9c59270c3fd7afecdb556c50c9e8de78 -> 
  custom:audio-decoder-ogg-vorbis: bf7c407c2cedff20999df2af8eb42d56 -> 
  custom:audio-encoder-webm-vorbis: bf7c407c2cedff20999df2af8eb42d56 -> 
========================================================================
Received Prepare
Registering precompiled user dll's ...
Registered in 0.004050 seconds.
Begin MonoManager ReloadAssembly
Native extension for WindowsStandalone target not found
Native extension for WebGL target not found
Refreshing native plugins compatible for Editor in 1.48 ms, found 2 plugins.
Preloading 0 native plugins for Editor in 0.00 ms.
Mono: successfully reloaded assembly
- Completed reload, in  1.127 seconds
Domain Reload Profiling:
	ReloadAssembly (1128ms)
		BeginReloadAssembly (146ms)
			ExecutionOrderSort (0ms)
			DisableScriptedObjects (4ms)
			BackupInstance (0ms)
			ReleaseScriptingObjects (0ms)
			CreateAndSetChildDomain (44ms)
		EndReloadAssembly (909ms)
			LoadAssemblies (108ms)
			RebuildTransferFunctionScriptingTraits (0ms)
			SetupTypeCache (319ms)
			ReleaseScriptCaches (1ms)
			RebuildScriptCaches (46ms)
			SetupLoadedEditorAssemblies (335ms)
				LogAssemblyErrors (0ms)
				InitializePlatformSupportModulesInManaged (6ms)
				SetLoadedEditorAssemblies (1ms)
				RefreshPlugins (2ms)
				BeforeProcessingInitializeOnLoad (89ms)
				ProcessInitializeOnLoadAttributes (226ms)
				ProcessInitializeOnLoadMethodAttributes (4ms)
				AfterProcessingInitializeOnLoad (6ms)
				EditorAssembliesLoaded (0ms)
			ExecutionOrderSort2 (0ms)
			AwakeInstancesAfterBackupRestoration (8ms)
Platform modules already initialized, skipping
Refreshing native plugins compatible for Editor in 0.54 ms, found 2 plugins.
Preloading 0 native plugins for Editor in 0.00 ms.
Unloading 1769 Unused Serialized files (Serialized files now loaded: 0)
System memory in use before: 85.3 MB.
System memory in use after: 85.4 MB.

Unloading 13 unused Assets to reduce memory usage. Loaded Objects now: 2304.
Total: 3.533800 ms (FindLiveObjects: 0.230600 ms CreateObjectMapping: 0.134900 ms MarkObjects: 3.071900 ms  DeleteObjects: 0.095200 ms)

AssetImportParameters requested are different than current active one (requested -> active):
  custom:framework-win-MediaFoundation: 216162199b28c13a410421893ffa2e32 -> 
  custom:video-decoder-ogg-theora: a1e56fd34408186e4bbccfd4996cb3dc -> 
  custom:container-muxer-webm: aa71ff27fc2769a1b78a27578f13a17b -> 
  custom:container-demuxer-webm: 4f35f7cbe854078d1ac9338744f61a02 -> 
  custom:container-demuxer-ogg: 62fdf1f143b41e24485cea50d1cbac27 -> 
  custom:video-encoder-webm-vp8: eb34c28f22e8b96e1ab97ce403110664 -> 
  custom:video-decoder-webm-vp8: 9c59270c3fd7afecdb556c50c9e8de78 -> 
  custom:audio-decoder-ogg-vorbis: bf7c407c2cedff20999df2af8eb42d56 -> 
  custom:audio-encoder-webm-vorbis: bf7c407c2cedff20999df2af8eb42d56 -> 
AssetImportWorkerClient::OnTransportError - code=2 error=End of file
